<?xml version="1.0" encoding="UTF-8"?>
<!-- Generated by org.testng.reporters.JUnitReportReporter -->
<testsuite hostname="LAPTOP-4OMVMP13" failures="0" tests="1" name="jayslabs.test.SubmitOrderTest" time="21.925" errors="0" timestamp="2023-11-09T11:15:55 EST" skipped="0">
  <testcase classname="jayslabs.test.SubmitOrderTest" name="submitOrder" time="21.925"/>
</testsuite> <!-- jayslabs.test.SubmitOrderTest -->
